<?xml version="1.0" encoding="UTF-8"?>
<!DOCTYPE suite SYSTEM "https://testng.org/testng-1.0.dtd">
<suite name="Homework_1">
    <test name="Sqrt">
        <classes>
            <class name="ru.training.at.hw1.CalculatorSqrtTest">
                <methods>
                    <include name="sqrtTest"/>
                </methods>
            </class>
        </classes>
    </test>
</suite>