<?xml version="1.0" encoding="UTF-8"?>
<!DOCTYPE suite SYSTEM "https://testng.org/testng-1.0.dtd">
<suite name="Homework_1">
    <test name="Sum and Subtraction">
        <classes>
            <class name="ru.training.at.hw1.CalculatorSumTest">
                <methods>
                    <include name="regularLongSumTest"/>
                    <include name="regularDoubleSumTest"/>
                    <include name="maxLongNumbersSumTest"/>
                    <include name="maxDoubleNumbersSumTest"/>
                </methods>
            </class>
            <class name="ru.training.at.hw1.CalculatorSubtractionTest">
                <methods>
                    <include name="regularLongSubTest"/>
                    <include name="regularDoubleSubTest"/>
                    <include name="maxLongNumberSubTest"/>
                    <include name="maxDoubleNumberSubTest"/>
                </methods>
            </class>
        </classes>
    </test>
</suite>